<?xml version="1.0" encoding="UTF-8"?>
<!-- Generated by org.testng.reporters.JUnitReportReporter -->
<testsuite hostname="IBM-1G1SMM3" name="Fullstack.assenment" tests="2" failures="0" timestamp="1 Jul 2022 11:07:55 GMT" time="3.768" errors="0">
  <testcase name="get" time="0.008" classname="Fullstack.assenment"/>
  <testcase name="post" time="3.760" classname="Fullstack.assenment"/>
</testsuite> <!-- Fullstack.assenment -->
