<?xml version="1.0" encoding="UTF-8"?>
<!-- Generated by org.testng.reporters.JUnitReportReporter -->
<testsuite hostname="IBM-1G1SMM3" name="Fullstack.stackfull" tests="1" failures="0" timestamp="1 Jul 2022 10:39:51 GMT" time="4.743" errors="0">
  <testcase name="testcase4" time="4.743" classname="Fullstack.stackfull"/>
</testsuite> <!-- Fullstack.stackfull -->
