<?xml version="1.0" encoding="UTF-8"?>
<!-- Generated by org.testng.reporters.JUnitReportReporter -->
<testsuite skipped="0" hostname="IBM-JC1SMM3" name="Fullstack.assenment$Assugnment" tests="4" failures="0" timestamp="06 Jul 2022 06:30:28 GMT" time="6.921" errors="0">
  <testcase name="firstPOST" time="3.042" classname="Fullstack.assenment$Assugnment"/>
  <testcase name="firstPUT" time="1.272" classname="Fullstack.assenment$Assugnment"/>
  <testcase name="firstDELETE" time="1.278" classname="Fullstack.assenment$Assugnment"/>
  <testcase name="anotherGET" time="1.329" classname="Fullstack.assenment$Assugnment"/>
</testsuite> <!-- Fullstack.assenment$Assugnment -->
